<?xml version="1.0" encoding="UTF-8"?>
<!-- Generated by org.testng.reporters.JUnitReportReporter -->
<testsuite hostname="LAPTOP-SK1OSAKQ" failures="0" tests="1" name="Question5.Question3_TestNGImplementation" time="17.756" errors="0" timestamp="2023-12-06T20:15:03 IST" skipped="0">
  <testcase classname="Question5.Question3_TestNGImplementation" name="makeMyTripLogVerified" time="17.756"/>
</testsuite> <!-- Question5.Question3_TestNGImplementation -->
